<?xml version="1.0" encoding="UTF-8"?>
<!-- Generated by org.testng.reporters.JUnitXMLReporter -->
<testsuite ignored="2" hostname="LAPTOP-SSKFI1SS" failures="0" tests="2" name="Application Test" time="21.099" errors="0" timestamp="15 Oct 2020 21:24:12 GMT">
  <testcase classname="testClasses.TestClass" name="loginVerify" time="12.132"/>
  <testcase classname="testClasses.TestClass" name="regressionTest1" time="0.002"/>
  <testcase classname="testClasses.TestClass" name="regressionTest2" time="0.0">
    <ignored/>
  </testcase> <!-- regressionTest2 -->
  <testcase classname="testClasses.TestClass" name="verifyAboutUSpage" time="0.0">
    <ignored/>
  </testcase> <!-- verifyAboutUSpage -->
</testsuite> <!-- Application Test -->
