<?xml version="1.0" encoding="UTF-8"?>
<testng-results ignored="2" total="4" passed="2" failed="0" skipped="0">
  <reporter-output>
  </reporter-output>
  <suite started-at="2020-11-25T19:30:13Z" name="smoke Test Suite" finished-at="2020-11-25T19:30:36Z" duration-ms="23170">
    <groups>
      <group name="regression">
        <method signature="TestClass.loginVerify()[pri:1, instance:testClasses.TestClass@15c25153]" name="loginVerify" class="testClasses.TestClass"/>
        <method signature="TestClass.verifyAboutUSpage()[pri:2, instance:testClasses.TestClass@15c25153]" name="verifyAboutUSpage" class="testClasses.TestClass"/>
      </group> <!-- regression -->
      <group name="smoke">
        <method signature="TestClass.loginVerify()[pri:1, instance:testClasses.TestClass@15c25153]" name="loginVerify" class="testClasses.TestClass"/>
        <method signature="TestClass.verifyAboutUSpage()[pri:2, instance:testClasses.TestClass@15c25153]" name="verifyAboutUSpage" class="testClasses.TestClass"/>
      </group> <!-- smoke -->
    </groups>
    <test started-at="2020-11-25T19:30:13Z" name="Application Test" finished-at="2020-11-25T19:30:36Z" duration-ms="23170">
      <class name="testClasses.TestClass">
        <test-method is-config="true" signature="commonSetUp(java.lang.String)[pri:0, instance:testClasses.TestClass@15c25153]" started-at="2020-11-25T19:30:13Z" name="commonSetUp" finished-at="2020-11-25T19:30:21Z" duration-ms="8042" status="PASS">
          <params>
            <param index="0">
              <value>
                <![CDATA[chrome]]>
              </value>
            </param>
          </params>
          <reporter-output>
          </reporter-output>
        </test-method> <!-- commonSetUp -->
        <test-method signature="loginVerify()[pri:1, instance:testClasses.TestClass@15c25153]" started-at="2020-11-25T19:30:21Z" name="loginVerify" finished-at="2020-11-25T19:30:33Z" duration-ms="11782" status="PASS">
          <reporter-output>
          </reporter-output>
        </test-method> <!-- loginVerify -->
        <test-method signature="verifyAboutUSpage()[pri:2, instance:testClasses.TestClass@15c25153]" started-at="2020-11-25T19:30:33Z" name="verifyAboutUSpage" finished-at="2020-11-25T19:30:36Z" duration-ms="3320" status="PASS">
          <reporter-output>
          </reporter-output>
        </test-method> <!-- verifyAboutUSpage -->
        <test-method is-config="true" signature="commonTearDown()[pri:0, instance:testClasses.TestClass@15c25153]" started-at="2020-11-25T19:30:36Z" name="commonTearDown" finished-at="2020-11-25T19:30:36Z" duration-ms="0" status="PASS">
          <reporter-output>
          </reporter-output>
        </test-method> <!-- commonTearDown -->
      </class> <!-- testClasses.TestClass -->
    </test> <!-- Application Test -->
  </suite> <!-- smoke Test Suite -->
</testng-results>
