<?xml version="1.0" encoding="UTF-8"?>
<testng-results ignored="0" total="2" passed="2" failed="0" skipped="0">
  <reporter-output>
  </reporter-output>
  <suite started-at="2020-10-15T18:54:56Z" name="Regression Test Suite" finished-at="2020-10-15T18:55:20Z" duration-ms="24065">
    <groups>
    </groups>
    <test started-at="2020-10-15T18:54:56Z" name="Application Test" finished-at="2020-10-15T18:55:20Z" duration-ms="24065">
      <class name="testClasses.TestClass">
        <test-method is-config="true" signature="commonSetUp(java.lang.String)[pri:0, instance:testClasses.TestClass@78dd667e]" started-at="2020-10-15T18:54:56Z" name="commonSetUp" finished-at="2020-10-15T18:55:05Z" duration-ms="8708" status="PASS">
          <params>
            <param index="0">
              <value>
                <![CDATA[chrome]]>
              </value>
            </param>
          </params>
          <reporter-output>
          </reporter-output>
        </test-method> <!-- commonSetUp -->
        <test-method signature="loginVerify()[pri:1, instance:testClasses.TestClass@78dd667e]" started-at="2020-10-15T18:55:05Z" name="loginVerify" finished-at="2020-10-15T18:55:17Z" duration-ms="12108" status="PASS">
          <reporter-output>
          </reporter-output>
        </test-method> <!-- loginVerify -->
        <test-method signature="verifyAboutUSpage()[pri:2, instance:testClasses.TestClass@78dd667e]" started-at="2020-10-15T18:55:17Z" name="verifyAboutUSpage" finished-at="2020-10-15T18:55:20Z" duration-ms="3230" status="PASS">
          <reporter-output>
          </reporter-output>
        </test-method> <!-- verifyAboutUSpage -->
        <test-method is-config="true" signature="commonTearDown()[pri:0, instance:testClasses.TestClass@78dd667e]" started-at="2020-10-15T18:55:20Z" name="commonTearDown" finished-at="2020-10-15T18:55:20Z" duration-ms="1" status="PASS">
          <reporter-output>
          </reporter-output>
        </test-method> <!-- commonTearDown -->
      </class> <!-- testClasses.TestClass -->
    </test> <!-- Application Test -->
  </suite> <!-- Regression Test Suite -->
</testng-results>
