<?xml version="1.0" encoding="UTF-8"?>
<testng-results ignored="2" total="4" passed="2" failed="0" skipped="0">
  <reporter-output>
  </reporter-output>
  <suite started-at="2020-10-15T21:40:21Z" name="Regression Test Suite" finished-at="2020-10-15T21:40:42Z" duration-ms="21656">
    <groups>
      <group name="smoke">
        <method signature="TestClass.loginVerify()[pri:1, instance:testClasses.TestClass@7995092a]" name="loginVerify" class="testClasses.TestClass"/>
        <method signature="TestClass.regressionTest1()[pri:3, instance:testClasses.TestClass@7995092a]" name="regressionTest1" class="testClasses.TestClass"/>
      </group> <!-- smoke -->
    </groups>
    <test started-at="2020-10-15T21:40:21Z" name="Application Test" finished-at="2020-10-15T21:40:42Z" duration-ms="21656">
      <class name="testClasses.TestClass">
        <test-method is-config="true" signature="commonSetUp(java.lang.String)[pri:0, instance:testClasses.TestClass@7995092a]" started-at="2020-10-15T21:40:21Z" name="commonSetUp" finished-at="2020-10-15T21:40:30Z" duration-ms="8967" status="PASS">
          <params>
            <param index="0">
              <value>
                <![CDATA[chrome]]>
              </value>
            </param>
          </params>
          <reporter-output>
          </reporter-output>
        </test-method> <!-- commonSetUp -->
        <test-method signature="loginVerify()[pri:1, instance:testClasses.TestClass@7995092a]" started-at="2020-10-15T21:40:30Z" name="loginVerify" finished-at="2020-10-15T21:40:42Z" duration-ms="12065" status="PASS">
          <reporter-output>
          </reporter-output>
        </test-method> <!-- loginVerify -->
        <test-method signature="regressionTest1()[pri:3, instance:testClasses.TestClass@7995092a]" started-at="2020-10-15T21:40:42Z" name="regressionTest1" finished-at="2020-10-15T21:40:42Z" duration-ms="1" status="PASS">
          <reporter-output>
          </reporter-output>
        </test-method> <!-- regressionTest1 -->
        <test-method is-config="true" signature="commonTearDown()[pri:0, instance:testClasses.TestClass@7995092a]" started-at="2020-10-15T21:40:42Z" name="commonTearDown" finished-at="2020-10-15T21:40:42Z" duration-ms="606" status="PASS">
          <reporter-output>
          </reporter-output>
        </test-method> <!-- commonTearDown -->
      </class> <!-- testClasses.TestClass -->
    </test> <!-- Application Test -->
  </suite> <!-- Regression Test Suite -->
</testng-results>
