<?xml version="1.0" encoding="UTF-8"?>
<!-- Generated by org.testng.reporters.JUnitXMLReporter -->
<testsuite ignored="0" hostname="LAPTOP-SSKFI1SS" failures="1" tests="4" name="Application Test" time="13.956" errors="0" timestamp="25 Nov 2020 18:56:16 GMT">
  <testcase classname="testClasses.TestClass" name="loginVerify" time="1.574">
    <failure type="java.lang.AssertionError" message="expected [] but found [Warning: No match for E-Mail Address and/or Password.]">
      <![CDATA[java.lang.AssertionError: expected [] but found [Warning: No match for E-Mail Address and/or Password.]
at testClasses.TestClass.loginVerify(TestClass.java:46)
... Removed 35 stack frames]]>
    </failure>
  </testcase> <!-- loginVerify -->
  <testcase classname="testClasses.TestClass" name="verifyAboutUSpage" time="3.165"/>
  <testcase classname="testClasses.TestClass" name="regressionTest1" time="0.001"/>
  <testcase classname="testClasses.TestClass" name="regressionTest2" time="0.001"/>
</testsuite> <!-- Application Test -->
